<?xml version="1.0" encoding="UTF-8"?>
<testsuite name="Cucumber" time="145.97" tests="8" skipped="0" failures="2" errors="0">
<testcase classname="Train booking using the search feature" name="Search trains with valid source and destination, filter by 2AC and time range - Example #1.1" time="29.784">
<system-out><![CDATA[
Given the user is on the RedBus Railways page...............................passed
When the user enters source as 0 and destination as 1.......................passed
And selects the date of travel..............................................passed
And clicks on the search button.............................................passed
Then the user is navigated to the results page..............................passed
When the user filters for class 2AC.........................................passed
Then the system should display the availability status for the first train..passed
]]></system-out>
</testcase>
<testcase classname="Train booking using the search feature" name="Search trains with valid source and destination, filter by 2AC and time range - Example #1.2" time="18.283">
<system-out><![CDATA[
Given the user is on the RedBus Railways page...............................passed
When the user enters source as 0 and destination as 2.......................passed
And selects the date of travel..............................................passed
And clicks on the search button.............................................passed
Then the user is navigated to the results page..............................passed
When the user filters for class 2AC.........................................passed
Then the system should display the availability status for the first train..passed
]]></system-out>
</testcase>
<testcase classname="Train booking using the search feature" name="Search trains with missing or invalid source and destination - Example #1.1" time="12.017">
<system-out><![CDATA[
Given the user is on the RedBus Railways page...............................passed
When the user enters source as 1 and destination as 1.......................passed
And selects the date of travel..............................................passed
And clicks on the search button.............................................passed
Then the user should remain on the same page................................passed
And an error message should be displayed indicating invalid station input...passed
]]></system-out>
</testcase>
<testcase classname="Train booking using the search feature" name="Search trains with missing or invalid source and destination - Example #1.2" time="22.156">
<system-out><![CDATA[
Given the user is on the RedBus Railways page...............................passed
When the user enters source as 1 and destination as 2.......................passed
And selects the date of travel..............................................passed
And clicks on the search button.............................................passed
Then the user should remain on the same page................................passed
And an error message should be displayed indicating invalid station input...passed
]]></system-out>
</testcase>
<testcase classname="Train booking using the search feature" name="Search and filter trains from Delhi to Mumbai with various filters and sorting - Example #1.1" time="19.69">
<system-out><![CDATA[
Given the user is on the RedBus Railways page...............................passed
When the user enters source as 0 and destination as 1.......................passed
And selects the date of travel..............................................passed
And clicks on the search button.............................................passed
Then the user is navigated to the results page..............................passed
When the user filters for class 3AC.........................................passed
And the user clears all filters.............................................passed
And the user changes the quota to Ladies....................................passed
And the user sorts the results by Departure Time............................passed
Then the results should be sorted in ascending order........................passed
]]></system-out>
</testcase>
<testcase classname="Train booking using the search feature" name="Search and filter trains from Delhi to Mumbai with various filters and sorting - Example #1.2" time="19.337">
<system-out><![CDATA[
Given the user is on the RedBus Railways page...............................passed
When the user enters source as 0 and destination as 2.......................passed
And selects the date of travel..............................................passed
And clicks on the search button.............................................passed
Then the user is navigated to the results page..............................passed
When the user filters for class 3AC.........................................passed
And the user clears all filters.............................................passed
And the user changes the quota to Ladies....................................passed
And the user sorts the results by Departure Time............................passed
Then the results should be sorted in ascending order........................passed
]]></system-out>
</testcase>
<testcase classname="Train booking using the search feature" name="Go to Passenger details page after searching for trains - Example #1.1" time="20.899">
<failure type="java.lang.AssertionError" message="Unexpected error during navigation check.">
<![CDATA[java.lang.AssertionError: Unexpected error during navigation check.
	at org.junit.Assert.fail(Assert.java:89)
	at com.stepdefinition.BookTrain.the_user_should_be_navigated_to_the_passenger_details_page(BookTrain.java:253)
	at ✽.the user should be navigated to the passenger details page(file:///C:/Users/sahipand/eclipse-workspace/RedBusSeleniumProject/src/test/resources/Features/BookTrain.feature:79)
]]>
</failure>
<system-out><![CDATA[
Given the user is on the RedBus Railways page...............................passed
When the user enters source as 0 and destination as 1.......................passed
And selects the date of travel..............................................passed
And clicks on the search button.............................................passed
Then the user is navigated to the results page..............................passed
When the user filters for class 3AC.........................................passed
And the user clicks on the first available seat to book if available........passed
Then the user should be navigated to the passenger details page.............failed
]]></system-out>
</testcase>
<testcase classname="Train booking using the search feature" name="Go to Passenger details page after searching for trains - Example #1.2" time="3.45">
<failure type="org.openqa.selenium.NoSuchWindowException" message="no such window: target window already closed
from unknown error: web view not found
  (Session info: chrome=141.0.7390.77)
Build info: version: '4.20.0', revision: '866c76ca80'
System info: os.name: 'Windows 11', os.arch: 'amd64', os.version: '10.0', java.version: '24'
Driver info: org.openqa.selenium.chrome.ChromeDriver
Command: [8d564548bf968dc8544e723e99363743, findElement {using=css selector, value=img[title='Online Train Tickets Booking']}]
Capabilities {acceptInsecureCerts: false, browserName: chrome, browserVersion: 141.0.7390.77, chrome: {chromedriverVersion: 141.0.7390.78 (2b53b0e231fc..., userDataDir: C:\Users\sahipand\AppData\L...}, fedcm:accounts: true, goog:chromeOptions: {debuggerAddress: localhost:52822}, networkConnectionEnabled: false, pageLoadStrategy: normal, platformName: windows, proxy: Proxy(), se:cdp: ws://localhost:52822/devtoo..., se:cdpVersion: 141.0.7390.77, setWindowRect: true, strictFileInteractability: false, timeouts: {implicit: 0, pageLoad: 300000, script: 30000}, unhandledPromptBehavior: dismiss and notify, webauthn:extension:credBlob: true, webauthn:extension:largeBlob: true, webauthn:extension:minPinLength: true, webauthn:extension:prf: true, webauthn:virtualAuthenticators: true}
Session ID: 8d564548bf968dc8544e723e99363743">
<![CDATA[org.openqa.selenium.NoSuchWindowException: no such window: target window already closed
from unknown error: web view not found
  (Session info: chrome=141.0.7390.77)
Build info: version: '4.20.0', revision: '866c76ca80'
System info: os.name: 'Windows 11', os.arch: 'amd64', os.version: '10.0', java.version: '24'
Driver info: org.openqa.selenium.chrome.ChromeDriver
Command: [8d564548bf968dc8544e723e99363743, findElement {using=css selector, value=img[title='Online Train Tickets Booking']}]
Capabilities {acceptInsecureCerts: false, browserName: chrome, browserVersion: 141.0.7390.77, chrome: {chromedriverVersion: 141.0.7390.78 (2b53b0e231fc..., userDataDir: C:\Users\sahipand\AppData\L...}, fedcm:accounts: true, goog:chromeOptions: {debuggerAddress: localhost:52822}, networkConnectionEnabled: false, pageLoadStrategy: normal, platformName: windows, proxy: Proxy(), se:cdp: ws://localhost:52822/devtoo..., se:cdpVersion: 141.0.7390.77, setWindowRect: true, strictFileInteractability: false, timeouts: {implicit: 0, pageLoad: 300000, script: 30000}, unhandledPromptBehavior: dismiss and notify, webauthn:extension:credBlob: true, webauthn:extension:largeBlob: true, webauthn:extension:minPinLength: true, webauthn:extension:prf: true, webauthn:virtualAuthenticators: true}
Session ID: 8d564548bf968dc8544e723e99363743
	at java.base/jdk.internal.reflect.DirectConstructorHandleAccessor.newInstance(DirectConstructorHandleAccessor.java:62)
	at java.base/java.lang.reflect.Constructor.newInstanceWithCaller(Constructor.java:499)
	at java.base/java.lang.reflect.Constructor.newInstance(Constructor.java:483)
	at org.openqa.selenium.remote.ErrorCodec.decode(ErrorCodec.java:167)
	at org.openqa.selenium.remote.codec.w3c.W3CHttpResponseCodec.decode(W3CHttpResponseCodec.java:138)
	at org.openqa.selenium.remote.codec.w3c.W3CHttpResponseCodec.decode(W3CHttpResponseCodec.java:50)
	at org.openqa.selenium.remote.HttpCommandExecutor.execute(HttpCommandExecutor.java:190)
	at org.openqa.selenium.remote.service.DriverCommandExecutor.invokeExecute(DriverCommandExecutor.java:216)
	at org.openqa.selenium.remote.service.DriverCommandExecutor.execute(DriverCommandExecutor.java:174)
	at org.openqa.selenium.remote.RemoteWebDriver.execute(RemoteWebDriver.java:518)
	at org.openqa.selenium.remote.ElementLocation$ElementFinder$2.findElement(ElementLocation.java:165)
	at org.openqa.selenium.remote.ElementLocation.findElement(ElementLocation.java:59)
	at org.openqa.selenium.remote.RemoteWebDriver.findElement(RemoteWebDriver.java:355)
	at org.openqa.selenium.remote.RemoteWebDriver.findElement(RemoteWebDriver.java:349)
	at org.openqa.selenium.support.pagefactory.DefaultElementLocator.findElement(DefaultElementLocator.java:68)
	at org.openqa.selenium.support.pagefactory.internal.LocatingElementHandler.invoke(LocatingElementHandler.java:38)
	at jdk.proxy2/jdk.proxy2.$Proxy23.click(Unknown Source)
	at com.pages.HomePage.clickOnRailwaysPage(HomePage.java:19)
	at com.setup.BaseSteps.the_user_is_on_the_red_bus_railways_page(BaseSteps.java:17)
	at ✽.the user is on the RedBus Railways page(file:///C:/Users/sahipand/eclipse-workspace/RedBusSeleniumProject/src/test/resources/Features/BookTrain.feature:7)
]]>
</failure>
<system-out><![CDATA[
Given the user is on the RedBus Railways page...............................failed
When the user enters source as 0 and destination as 2.......................skipped
And selects the date of travel..............................................skipped
And clicks on the search button.............................................skipped
Then the user is navigated to the results page..............................skipped
When the user filters for class 3AC.........................................skipped
And the user clicks on the first available seat to book if available........skipped
Then the user should be navigated to the passenger details page.............skipped
]]></system-out>
</testcase>
</testsuite>
